[2018-12-25 04:07:43] Request:
GET /user/json?dd=90 HTTP/1.1
Host: 127.0.0.1:8888
Connection: keep-alive
Cache-Control: max-age=0
Upgrade-Insecure-Requests: 1
User-Agent: Mozilla/5.0 (Macintosh; Intel Mac OS X 10_13_4) AppleWebKit/537.36 (KHTML, like Gecko) Chrome/71.0.3578.98 Safari/537.36
Accept: text/html,application/xhtml+xml,application/xml;q=0.9,image/webp,image/apng,*/*;q=0.8
Accept-Encoding: gzip, deflate, br
Accept-Language: zh-CN,zh;q=0.9,en;q=0.8
Cookie: client-id=5637c1db-9cb6-43a0-99ec-c88d9ca12406


[2018-12-25 04:07:43] Client closed
------------------------------------------------------------
[2018-12-25 04:08:02] Request:

[2018-12-25 04:08:02] Client closed
------------------------------------------------------------
[2018-12-25 04:08:02] Request:
GET /user/json?dd=90 HTTP/1.1
Host: 127.0.0.1:8888
Connection: keep-alive
Cache-Control: max-age=0
Upgrade-Insecure-Requests: 1
User-Agent: Mozilla/5.0 (Macintosh; Intel Mac OS X 10_13_4) AppleWebKit/537.36 (KHTML, like Gecko) Chrome/71.0.3578.98 Safari/537.36
Accept: text/html,application/xhtml+xml,application/xml;q=0.9,image/webp,image/apng,*/*;q=0.8
Accept-Encoding: gzip, deflate, br
Accept-Language: zh-CN,zh;q=0.9,en;q=0.8
Cookie: client-id=5637c1db-9cb6-43a0-99ec-c88d9ca12406


[2018-12-25 04:08:02] Client closed
------------------------------------------------------------
[2018-12-25 04:08:21] Request:

[2018-12-25 04:08:21] Client closed
------------------------------------------------------------
[2018-12-25 04:10:29] socket listening on 127.0.0.1:8888
[2018-12-25 04:10:29] http://127.0.0.1:8888
[2018-12-25 04:10:31] Request:
GET /user/json?dd=90 HTTP/1.1
Host: 127.0.0.1:8888
Connection: keep-alive
Cache-Control: max-age=0
Upgrade-Insecure-Requests: 1
User-Agent: Mozilla/5.0 (Macintosh; Intel Mac OS X 10_13_4) AppleWebKit/537.36 (KHTML, like Gecko) Chrome/71.0.3578.98 Safari/537.36
Accept: text/html,application/xhtml+xml,application/xml;q=0.9,image/webp,image/apng,*/*;q=0.8
Accept-Encoding: gzip, deflate, br
Accept-Language: zh-CN,zh;q=0.9,en;q=0.8
Cookie: client-id=5637c1db-9cb6-43a0-99ec-c88d9ca12406


[2018-12-25 04:10:31] Client closed
------------------------------------------------------------
[2018-12-25 04:10:38] Request:
GET /user/json?dd=90 HTTP/1.1
Host: 127.0.0.1:8888
Connection: keep-alive
Cache-Control: max-age=0
Upgrade-Insecure-Requests: 1
User-Agent: Mozilla/5.0 (Macintosh; Intel Mac OS X 10_13_4) AppleWebKit/537.36 (KHTML, like Gecko) Chrome/71.0.3578.98 Safari/537.36
Accept: text/html,application/xhtml+xml,application/xml;q=0.9,image/webp,image/apng,*/*;q=0.8
Accept-Encoding: gzip, deflate, br
Accept-Language: zh-CN,zh;q=0.9,en;q=0.8
Cookie: client-id=5637c1db-9cb6-43a0-99ec-c88d9ca12406


[2018-12-25 04:10:38] Client closed
------------------------------------------------------------
[2018-12-25 04:10:39] Request:
GET /user/json?dd=90 HTTP/1.1
Host: 127.0.0.1:8888
Connection: keep-alive
Cache-Control: max-age=0
Upgrade-Insecure-Requests: 1
User-Agent: Mozilla/5.0 (Macintosh; Intel Mac OS X 10_13_4) AppleWebKit/537.36 (KHTML, like Gecko) Chrome/71.0.3578.98 Safari/537.36
Accept: text/html,application/xhtml+xml,application/xml;q=0.9,image/webp,image/apng,*/*;q=0.8
Accept-Encoding: gzip, deflate, br
Accept-Language: zh-CN,zh;q=0.9,en;q=0.8
Cookie: client-id=5637c1db-9cb6-43a0-99ec-c88d9ca12406


[2018-12-25 04:10:39] Client closed
------------------------------------------------------------
[2018-12-25 04:10:39] Request:
GET /user/json?dd=90 HTTP/1.1
Host: 127.0.0.1:8888
Connection: keep-alive
Cache-Control: max-age=0
Upgrade-Insecure-Requests: 1
User-Agent: Mozilla/5.0 (Macintosh; Intel Mac OS X 10_13_4) AppleWebKit/537.36 (KHTML, like Gecko) Chrome/71.0.3578.98 Safari/537.36
Accept: text/html,application/xhtml+xml,application/xml;q=0.9,image/webp,image/apng,*/*;q=0.8
Accept-Encoding: gzip, deflate, br
Accept-Language: zh-CN,zh;q=0.9,en;q=0.8
Cookie: client-id=5637c1db-9cb6-43a0-99ec-c88d9ca12406


[2018-12-25 04:10:39] Client closed
------------------------------------------------------------
[2018-12-25 04:10:45] Request:
GET /user/json HTTP/1.1
Host: 127.0.0.1:8888
Connection: keep-alive
Purpose: prefetch
Upgrade-Insecure-Requests: 1
User-Agent: Mozilla/5.0 (Macintosh; Intel Mac OS X 10_13_4) AppleWebKit/537.36 (KHTML, like Gecko) Chrome/71.0.3578.98 Safari/537.36
Accept: text/html,application/xhtml+xml,application/xml;q=0.9,image/webp,image/apng,*/*;q=0.8
Accept-Encoding: gzip, deflate, br
Accept-Language: zh-CN,zh;q=0.9,en;q=0.8
Cookie: client-id=5637c1db-9cb6-43a0-99ec-c88d9ca12406


[2018-12-25 04:10:45] Client closed
------------------------------------------------------------
[2018-12-25 04:10:46] Request:
GET /user/jsoa HTTP/1.1
Host: 127.0.0.1:8888
Connection: keep-alive
Upgrade-Insecure-Requests: 1
User-Agent: Mozilla/5.0 (Macintosh; Intel Mac OS X 10_13_4) AppleWebKit/537.36 (KHTML, like Gecko) Chrome/71.0.3578.98 Safari/537.36
Accept: text/html,application/xhtml+xml,application/xml;q=0.9,image/webp,image/apng,*/*;q=0.8
Accept-Encoding: gzip, deflate, br
Accept-Language: zh-CN,zh;q=0.9,en;q=0.8
Cookie: client-id=5637c1db-9cb6-43a0-99ec-c88d9ca12406


[2018-12-25 04:10:46] Client closed
------------------------------------------------------------
[2018-12-25 04:11:07] Request:

[2018-12-25 04:11:07] Client closed
------------------------------------------------------------
[2018-12-25 04:11:07] Request:

[2018-12-25 04:11:07] Client closed
------------------------------------------------------------
[2018-12-25 04:11:31] Request:
GET /user/json HTTP/1.1
Host: 127.0.0.1:8888
Connection: keep-alive
Cache-Control: max-age=0
Upgrade-Insecure-Requests: 1
User-Agent: Mozilla/5.0 (Macintosh; Intel Mac OS X 10_13_4) AppleWebKit/537.36 (KHTML, like Gecko) Chrome/71.0.3578.98 Safari/537.36
Accept: text/html,application/xhtml+xml,application/xml;q=0.9,image/webp,image/apng,*/*;q=0.8
Accept-Encoding: gzip, deflate, br
Accept-Language: zh-CN,zh;q=0.9,en;q=0.8
Cookie: client-id=5637c1db-9cb6-43a0-99ec-c88d9ca12406


[2018-12-25 04:11:31] Client closed
------------------------------------------------------------
[2018-12-25 04:11:51] Request:

[2018-12-25 04:11:51] Client closed
------------------------------------------------------------
[2018-12-25 04:13:43] socket listening on 127.0.0.1:8888
[2018-12-25 04:13:43] http://127.0.0.1:8888
[2018-12-25 04:13:44] Request:
GET /user/json HTTP/1.1
Host: 127.0.0.1:8888
Connection: keep-alive
Cache-Control: max-age=0
Upgrade-Insecure-Requests: 1
User-Agent: Mozilla/5.0 (Macintosh; Intel Mac OS X 10_13_4) AppleWebKit/537.36 (KHTML, like Gecko) Chrome/71.0.3578.98 Safari/537.36
Accept: text/html,application/xhtml+xml,application/xml;q=0.9,image/webp,image/apng,*/*;q=0.8
Accept-Encoding: gzip, deflate, br
Accept-Language: zh-CN,zh;q=0.9,en;q=0.8
Cookie: client-id=5637c1db-9cb6-43a0-99ec-c88d9ca12406


[2018-12-25 04:13:44] Client closed
------------------------------------------------------------
[2018-12-25 04:14:07] Request:

[2018-12-25 04:14:07] Client closed
------------------------------------------------------------
[2018-12-25 04:14:18] Request:
GET /user/json HTTP/1.1
Host: 127.0.0.1:8888
Connection: keep-alive
Cache-Control: max-age=0
Upgrade-Insecure-Requests: 1
User-Agent: Mozilla/5.0 (Macintosh; Intel Mac OS X 10_13_4) AppleWebKit/537.36 (KHTML, like Gecko) Chrome/71.0.3578.98 Safari/537.36
Accept: text/html,application/xhtml+xml,application/xml;q=0.9,image/webp,image/apng,*/*;q=0.8
Accept-Encoding: gzip, deflate, br
Accept-Language: zh-CN,zh;q=0.9,en;q=0.8
Cookie: client-id=5637c1db-9cb6-43a0-99ec-c88d9ca12406


[2018-12-25 04:14:18] Client closed
------------------------------------------------------------
[2018-12-25 04:15:06] Request:

[2018-12-25 04:15:06] Client closed
------------------------------------------------------------
[2018-12-25 04:24:34] socket listening on 127.0.0.1:8888
[2018-12-25 04:24:34] http://127.0.0.1:8888
[2018-12-25 04:24:38] Request:
GET /user/json HTTP/1.1
Host: 127.0.0.1:8888
Connection: keep-alive
Cache-Control: max-age=0
Upgrade-Insecure-Requests: 1
User-Agent: Mozilla/5.0 (Macintosh; Intel Mac OS X 10_13_4) AppleWebKit/537.36 (KHTML, like Gecko) Chrome/71.0.3578.98 Safari/537.36
Accept: text/html,application/xhtml+xml,application/xml;q=0.9,image/webp,image/apng,*/*;q=0.8
Accept-Encoding: gzip, deflate, br
Accept-Language: zh-CN,zh;q=0.9,en;q=0.8
Cookie: client-id=5637c1db-9cb6-43a0-99ec-c88d9ca12406


[2018-12-25 04:24:38] Client closed
------------------------------------------------------------
[2018-12-25 04:24:41] Request:
GET /user/json HTTP/1.1
Host: 127.0.0.1:8888
Connection: keep-alive
Cache-Control: max-age=0
Upgrade-Insecure-Requests: 1
User-Agent: Mozilla/5.0 (Macintosh; Intel Mac OS X 10_13_4) AppleWebKit/537.36 (KHTML, like Gecko) Chrome/71.0.3578.98 Safari/537.36
Accept: text/html,application/xhtml+xml,application/xml;q=0.9,image/webp,image/apng,*/*;q=0.8
Accept-Encoding: gzip, deflate, br
Accept-Language: zh-CN,zh;q=0.9,en;q=0.8
Cookie: time=2018-12-25 04:24:38; client-id=5637c1db-9cb6-43a0-99ec-c88d9ca12406


[2018-12-25 04:24:41] Client closed
------------------------------------------------------------
[2018-12-25 04:24:42] Request:
GET /user/json HTTP/1.1
Host: 127.0.0.1:8888
Connection: keep-alive
Cache-Control: max-age=0
Upgrade-Insecure-Requests: 1
User-Agent: Mozilla/5.0 (Macintosh; Intel Mac OS X 10_13_4) AppleWebKit/537.36 (KHTML, like Gecko) Chrome/71.0.3578.98 Safari/537.36
Accept: text/html,application/xhtml+xml,application/xml;q=0.9,image/webp,image/apng,*/*;q=0.8
Accept-Encoding: gzip, deflate, br
Accept-Language: zh-CN,zh;q=0.9,en;q=0.8
Cookie: time=2018-12-25 04:24:41; client-id=5637c1db-9cb6-43a0-99ec-c88d9ca12406


[2018-12-25 04:24:42] Client closed
------------------------------------------------------------
[2018-12-25 04:24:43] Request:
GET /user/json HTTP/1.1
Host: 127.0.0.1:8888
Connection: keep-alive
Cache-Control: max-age=0
Upgrade-Insecure-Requests: 1
User-Agent: Mozilla/5.0 (Macintosh; Intel Mac OS X 10_13_4) AppleWebKit/537.36 (KHTML, like Gecko) Chrome/71.0.3578.98 Safari/537.36
Accept: text/html,application/xhtml+xml,application/xml;q=0.9,image/webp,image/apng,*/*;q=0.8
Accept-Encoding: gzip, deflate, br
Accept-Language: zh-CN,zh;q=0.9,en;q=0.8
Cookie: time=2018-12-25 04:24:42; client-id=5637c1db-9cb6-43a0-99ec-c88d9ca12406


[2018-12-25 04:24:43] Client closed
------------------------------------------------------------
[2018-12-25 04:25:08] Request:

[2018-12-25 04:25:08] Client closed
------------------------------------------------------------
[2018-12-25 04:25:35] Request:
GET /user/json HTTP/1.1
Host: 127.0.0.1:8888
Connection: keep-alive
Cache-Control: max-age=0
Upgrade-Insecure-Requests: 1
User-Agent: Mozilla/5.0 (Macintosh; Intel Mac OS X 10_13_4) AppleWebKit/537.36 (KHTML, like Gecko) Chrome/71.0.3578.98 Safari/537.36
Accept: text/html,application/xhtml+xml,application/xml;q=0.9,image/webp,image/apng,*/*;q=0.8
Accept-Encoding: gzip, deflate, br
Accept-Language: zh-CN,zh;q=0.9,en;q=0.8
Cookie: time=2018-12-25 04:24:43; client-id=5637c1db-9cb6-43a0-99ec-c88d9ca12406


[2018-12-25 04:25:35] Client closed
------------------------------------------------------------
[2018-12-25 04:25:52] Request:

[2018-12-25 04:25:52] Client closed
------------------------------------------------------------
[2018-12-25 04:25:52] Request:
GET /user/json HTTP/1.1
Host: 127.0.0.1:8888
Connection: keep-alive
Cache-Control: max-age=0
Upgrade-Insecure-Requests: 1
User-Agent: Mozilla/5.0 (Macintosh; Intel Mac OS X 10_13_4) AppleWebKit/537.36 (KHTML, like Gecko) Chrome/71.0.3578.98 Safari/537.36
Accept: text/html,application/xhtml+xml,application/xml;q=0.9,image/webp,image/apng,*/*;q=0.8
Accept-Encoding: gzip, deflate, br
Accept-Language: zh-CN,zh;q=0.9,en;q=0.8
Cookie: time=2018-12-25 04:25:35; client-id=5637c1db-9cb6-43a0-99ec-c88d9ca12406


[2018-12-25 04:25:52] Client closed
------------------------------------------------------------
[2018-12-25 04:25:53] Request:
GET /user/json HTTP/1.1
Host: 127.0.0.1:8888
Connection: keep-alive
Cache-Control: max-age=0
Upgrade-Insecure-Requests: 1
User-Agent: Mozilla/5.0 (Macintosh; Intel Mac OS X 10_13_4) AppleWebKit/537.36 (KHTML, like Gecko) Chrome/71.0.3578.98 Safari/537.36
Accept: text/html,application/xhtml+xml,application/xml;q=0.9,image/webp,image/apng,*/*;q=0.8
Accept-Encoding: gzip, deflate, br
Accept-Language: zh-CN,zh;q=0.9,en;q=0.8
Cookie: time=2018-12-25 04:25:52; client-id=5637c1db-9cb6-43a0-99ec-c88d9ca12406


[2018-12-25 04:25:53] Client closed
------------------------------------------------------------
[2018-12-25 04:26:07] Request:

[2018-12-25 04:26:07] Client closed
------------------------------------------------------------
[2018-12-25 04:26:11] Request:
GET /user/json?name=fasdf%E5%95%8A%E7%9A%84%E6%B2%99%E5%8F%91%E4%B8%8A HTTP/1.1
Host: 127.0.0.1:8888
Connection: keep-alive
Upgrade-Insecure-Requests: 1
User-Agent: Mozilla/5.0 (Macintosh; Intel Mac OS X 10_13_4) AppleWebKit/537.36 (KHTML, like Gecko) Chrome/71.0.3578.98 Safari/537.36
Accept: text/html,application/xhtml+xml,application/xml;q=0.9,image/webp,image/apng,*/*;q=0.8
Accept-Encoding: gzip, deflate, br
Accept-Language: zh-CN,zh;q=0.9,en;q=0.8
Cookie: time=2018-12-25 04:25:53; client-id=5637c1db-9cb6-43a0-99ec-c88d9ca12406


[2018-12-25 04:26:11] Client closed
------------------------------------------------------------
[2018-12-25 04:26:17] Request:
GET /user/json?name=fasdf%E5%95%8A%E7%9A%84%E6%B2%99%E5%8F%91%E4%B8%8A HTTP/1.1
Host: 127.0.0.1:8888
Connection: keep-alive
Cache-Control: max-age=0
Upgrade-Insecure-Requests: 1
User-Agent: Mozilla/5.0 (Macintosh; Intel Mac OS X 10_13_4) AppleWebKit/537.36 (KHTML, like Gecko) Chrome/71.0.3578.98 Safari/537.36
Accept: text/html,application/xhtml+xml,application/xml;q=0.9,image/webp,image/apng,*/*;q=0.8
Accept-Encoding: gzip, deflate, br
Accept-Language: zh-CN,zh;q=0.9,en;q=0.8
Cookie: time=2018-12-25 04:26:11; client-id=5637c1db-9cb6-43a0-99ec-c88d9ca12406


[2018-12-25 04:26:17] Client closed
------------------------------------------------------------
[2018-12-25 04:26:18] Request:
GET /user/json?name=fasdf%E5%95%8A%E7%9A%84%E6%B2%99%E5%8F%91%E4%B8%8A HTTP/1.1
Host: 127.0.0.1:8888
Connection: keep-alive
Cache-Control: max-age=0
Upgrade-Insecure-Requests: 1
User-Agent: Mozilla/5.0 (Macintosh; Intel Mac OS X 10_13_4) AppleWebKit/537.36 (KHTML, like Gecko) Chrome/71.0.3578.98 Safari/537.36
Accept: text/html,application/xhtml+xml,application/xml;q=0.9,image/webp,image/apng,*/*;q=0.8
Accept-Encoding: gzip, deflate, br
Accept-Language: zh-CN,zh;q=0.9,en;q=0.8
Cookie: time=2018-12-25 04:26:17; client-id=5637c1db-9cb6-43a0-99ec-c88d9ca12406


[2018-12-25 04:26:18] Client closed
------------------------------------------------------------
[2018-12-25 04:26:40] Request:

[2018-12-25 04:26:40] Client closed
------------------------------------------------------------
[2018-12-25 04:26:40] Request:
POST /user/html HTTP/1.1
Content-Type: application/x-www-form-urlencoded
cache-control: no-cache
Postman-Token: baf91249-ffe7-4a82-b9fa-d5dce98656b0
User-Agent: PostmanRuntime/7.4.0
Accept: */*
Host: 127.0.0.1:8888
accept-encoding: gzip, deflate
content-length: 16
Connection: keep-alive

sdgsf=333&ww=445
[2018-12-25 04:26:40] Client closed
------------------------------------------------------------
[2018-12-25 04:26:40] Request:
GET /user/json?name=fasdf%E5%95%8A%E7%9A%84%E6%B2%99%E5%8F%91%E4%B8%8A HTTP/1.1
Host: 127.0.0.1:8888
Connection: keep-alive
Cache-Control: max-age=0
Upgrade-Insecure-Requests: 1
User-Agent: Mozilla/5.0 (Macintosh; Intel Mac OS X 10_13_4) AppleWebKit/537.36 (KHTML, like Gecko) Chrome/71.0.3578.98 Safari/537.36
Accept: text/html,application/xhtml+xml,application/xml;q=0.9,image/webp,image/apng,*/*;q=0.8
Accept-Encoding: gzip, deflate, br
Accept-Language: zh-CN,zh;q=0.9,en;q=0.8
Cookie: time=2018-12-25 04:26:18; client-id=5637c1db-9cb6-43a0-99ec-c88d9ca12406


[2018-12-25 04:26:40] Client closed
------------------------------------------------------------
[2018-12-25 04:26:42] Request:
GET /user/json?name=fasdf%E5%95%8A%E7%9A%84%E6%B2%99%E5%8F%91%E4%B8%8A HTTP/1.1
Host: 127.0.0.1:8888
Connection: keep-alive
Cache-Control: max-age=0
Upgrade-Insecure-Requests: 1
User-Agent: Mozilla/5.0 (Macintosh; Intel Mac OS X 10_13_4) AppleWebKit/537.36 (KHTML, like Gecko) Chrome/71.0.3578.98 Safari/537.36
Accept: text/html,application/xhtml+xml,application/xml;q=0.9,image/webp,image/apng,*/*;q=0.8
Accept-Encoding: gzip, deflate, br
Accept-Language: zh-CN,zh;q=0.9,en;q=0.8
Cookie: time=2018-12-25 04:26:40; client-id=5637c1db-9cb6-43a0-99ec-c88d9ca12406


[2018-12-25 04:26:42] Client closed
------------------------------------------------------------
[2018-12-25 04:27:07] Request:

[2018-12-25 04:27:07] Client closed
------------------------------------------------------------
[2018-12-25 04:27:07] Request:
POST /user/html HTTP/1.1
Content-Type: application/x-www-form-urlencoded
cache-control: no-cache
Postman-Token: 8ff6828f-5704-4cae-9a0f-5f4b52a79f12
User-Agent: PostmanRuntime/7.4.0
Accept: */*
Host: 127.0.0.1:8888
cookie: time=2018-12-25 04:26:18
accept-encoding: gzip, deflate
content-length: 16
Connection: keep-alive

sdgsf=333&ww=445
[2018-12-25 04:27:07] Client closed
------------------------------------------------------------
[2018-12-25 04:27:07] Request:
POST /user/html HTTP/1.1
Content-Type: application/x-www-form-urlencoded
cache-control: no-cache
Postman-Token: 9368918b-0e41-4bd6-9d04-ead5f9f96ce9
User-Agent: PostmanRuntime/7.4.0
Accept: */*
Host: 127.0.0.1:8888
cookie: time=2018-12-25 04:26:18
accept-encoding: gzip, deflate
content-length: 16
Connection: keep-alive

sdgsf=333&ww=445
[2018-12-25 04:27:07] Client closed
------------------------------------------------------------
[2018-12-25 04:27:11] Request:
POST /user/html HTTP/1.1
Content-Type: application/x-www-form-urlencoded
cache-control: no-cache
Postman-Token: ffc0f297-8c3d-4a86-a314-b6d2e2c2a8ab
User-Agent: PostmanRuntime/7.4.0
Accept: */*
Host: 127.0.0.1:8888
cookie: time=2018-12-25 04:26:42
accept-encoding: gzip, deflate
content-length: 16
Connection: keep-alive

sdgsf=333&ww=445
[2018-12-25 04:27:11] Client closed
------------------------------------------------------------
[2018-12-25 04:27:12] Request:
POST /user/html HTTP/1.1
Content-Type: application/x-www-form-urlencoded
cache-control: no-cache
Postman-Token: e94e9695-fb2c-40f8-aeed-34e766a60965
User-Agent: PostmanRuntime/7.4.0
Accept: */*
Host: 127.0.0.1:8888
cookie: time=2018-12-25 04:26:42
accept-encoding: gzip, deflate
content-length: 16
Connection: keep-alive

sdgsf=333&ww=445
[2018-12-25 04:27:12] Client closed
------------------------------------------------------------
[2018-12-25 04:27:13] Request:
POST /user/html HTTP/1.1
Content-Type: application/x-www-form-urlencoded
cache-control: no-cache
Postman-Token: fac1dad3-83f7-4ee5-b050-7384d0a2af86
User-Agent: PostmanRuntime/7.4.0
Accept: */*
Host: 127.0.0.1:8888
cookie: time=2018-12-25 04:26:42
accept-encoding: gzip, deflate
content-length: 16
Connection: keep-alive

sdgsf=333&ww=445
[2018-12-25 04:27:13] Client closed
------------------------------------------------------------
[2018-12-25 04:30:50] Request:
GET /index.html HTTP/1.1
Host: 127.0.0.1:8888
Connection: keep-alive
Upgrade-Insecure-Requests: 1
User-Agent: Mozilla/5.0 (Macintosh; Intel Mac OS X 10_13_4) AppleWebKit/537.36 (KHTML, like Gecko) Chrome/71.0.3578.98 Safari/537.36
Accept: text/html,application/xhtml+xml,application/xml;q=0.9,image/webp,image/apng,*/*;q=0.8
Accept-Encoding: gzip, deflate, br
Accept-Language: zh-CN,zh;q=0.9,en;q=0.8
Cookie: client-id=5637c1db-9cb6-43a0-99ec-c88d9ca12406


[2018-12-25 04:30:50] Client closed
------------------------------------------------------------
[2018-12-25 04:30:50] Request:
GET /static/index.css HTTP/1.1
Host: 127.0.0.1:8888
Connection: keep-alive
User-Agent: Mozilla/5.0 (Macintosh; Intel Mac OS X 10_13_4) AppleWebKit/537.36 (KHTML, like Gecko) Chrome/71.0.3578.98 Safari/537.36
Accept: text/css,*/*;q=0.1
Referer: http://127.0.0.1:8888/index.html
Accept-Encoding: gzip, deflate, br
Accept-Language: zh-CN,zh;q=0.9,en;q=0.8
Cookie: client-id=5637c1db-9cb6-43a0-99ec-c88d9ca12406; time=2018-12-25 04:26:42


[2018-12-25 04:30:50] Client closed
------------------------------------------------------------
[2018-12-25 04:30:50] Request:
GET /static/index.js HTTP/1.1
Host: 127.0.0.1:8888
Connection: keep-alive
User-Agent: Mozilla/5.0 (Macintosh; Intel Mac OS X 10_13_4) AppleWebKit/537.36 (KHTML, like Gecko) Chrome/71.0.3578.98 Safari/537.36
Accept: */*
Referer: http://127.0.0.1:8888/index.html
Accept-Encoding: gzip, deflate, br
Accept-Language: zh-CN,zh;q=0.9,en;q=0.8
Cookie: client-id=5637c1db-9cb6-43a0-99ec-c88d9ca12406; time=2018-12-25 04:26:42


[2018-12-25 04:30:50] Client closed
------------------------------------------------------------
[2018-12-25 04:30:50] Request:
GET /static/1.gif HTTP/1.1
Host: 127.0.0.1:8888
Connection: keep-alive
User-Agent: Mozilla/5.0 (Macintosh; Intel Mac OS X 10_13_4) AppleWebKit/537.36 (KHTML, like Gecko) Chrome/71.0.3578.98 Safari/537.36
Accept: image/webp,image/apng,image/*,*/*;q=0.8
Referer: http://127.0.0.1:8888/index.html
Accept-Encoding: gzip, deflate, br
Accept-Language: zh-CN,zh;q=0.9,en;q=0.8
Cookie: client-id=5637c1db-9cb6-43a0-99ec-c88d9ca12406; time=2018-12-25 04:26:42


[2018-12-25 04:30:50] Client closed
------------------------------------------------------------
[2018-12-25 04:30:50] Request:
GET /static/2.gif HTTP/1.1
Host: 127.0.0.1:8888
Connection: keep-alive
User-Agent: Mozilla/5.0 (Macintosh; Intel Mac OS X 10_13_4) AppleWebKit/537.36 (KHTML, like Gecko) Chrome/71.0.3578.98 Safari/537.36
Accept: image/webp,image/apng,image/*,*/*;q=0.8
Referer: http://127.0.0.1:8888/index.html
Accept-Encoding: gzip, deflate, br
Accept-Language: zh-CN,zh;q=0.9,en;q=0.8
Cookie: client-id=5637c1db-9cb6-43a0-99ec-c88d9ca12406; time=2018-12-25 04:26:42


[2018-12-25 04:30:50] Client closed
------------------------------------------------------------
[2018-12-25 04:31:37] Request:
GET /index.html HTTP/1.1
Host: 127.0.0.1:8888
Connection: keep-alive
Cache-Control: max-age=0
Upgrade-Insecure-Requests: 1
User-Agent: Mozilla/5.0 (Macintosh; Intel Mac OS X 10_13_4) AppleWebKit/537.36 (KHTML, like Gecko) Chrome/71.0.3578.98 Safari/537.36
Accept: text/html,application/xhtml+xml,application/xml;q=0.9,image/webp,image/apng,*/*;q=0.8
Accept-Encoding: gzip, deflate, br
Accept-Language: zh-CN,zh;q=0.9,en;q=0.8
Cookie: client-id=5637c1db-9cb6-43a0-99ec-c88d9ca12406; time=2018-12-25 04:26:42


[2018-12-25 04:31:37] Client closed
------------------------------------------------------------
[2018-12-25 04:31:37] Request:
GET /static/index.css HTTP/1.1
Host: 127.0.0.1:8888
Connection: keep-alive
User-Agent: Mozilla/5.0 (Macintosh; Intel Mac OS X 10_13_4) AppleWebKit/537.36 (KHTML, like Gecko) Chrome/71.0.3578.98 Safari/537.36
Accept: text/css,*/*;q=0.1
Referer: http://127.0.0.1:8888/index.html
Accept-Encoding: gzip, deflate, br
Accept-Language: zh-CN,zh;q=0.9,en;q=0.8
Cookie: time=2018-12-25 04:26:42; client-id=5637c1db-9cb6-43a0-99ec-c88d9ca12406; time=2018-12-25 04:26:42


[2018-12-25 04:31:37] Client closed
------------------------------------------------------------
[2018-12-25 04:31:37] Request:
GET /static/index.js HTTP/1.1
Host: 127.0.0.1:8888
Connection: keep-alive
User-Agent: Mozilla/5.0 (Macintosh; Intel Mac OS X 10_13_4) AppleWebKit/537.36 (KHTML, like Gecko) Chrome/71.0.3578.98 Safari/537.36
Accept: */*
Referer: http://127.0.0.1:8888/index.html
Accept-Encoding: gzip, deflate, br
Accept-Language: zh-CN,zh;q=0.9,en;q=0.8
Cookie: time=2018-12-25 04:26:42; client-id=5637c1db-9cb6-43a0-99ec-c88d9ca12406; time=2018-12-25 04:26:42


[2018-12-25 04:31:37] Client closed
------------------------------------------------------------
[2018-12-25 04:31:37] Request:
GET /static/1.gif HTTP/1.1
Host: 127.0.0.1:8888
Connection: keep-alive
User-Agent: Mozilla/5.0 (Macintosh; Intel Mac OS X 10_13_4) AppleWebKit/537.36 (KHTML, like Gecko) Chrome/71.0.3578.98 Safari/537.36
Accept: image/webp,image/apng,image/*,*/*;q=0.8
Referer: http://127.0.0.1:8888/index.html
Accept-Encoding: gzip, deflate, br
Accept-Language: zh-CN,zh;q=0.9,en;q=0.8
Cookie: time=2018-12-25 04:26:42; client-id=5637c1db-9cb6-43a0-99ec-c88d9ca12406; time=2018-12-25 04:26:42


[2018-12-25 04:31:37] Client closed
------------------------------------------------------------
[2018-12-25 04:31:37] Request:
GET /static/2.gif HTTP/1.1
Host: 127.0.0.1:8888
Connection: keep-alive
User-Agent: Mozilla/5.0 (Macintosh; Intel Mac OS X 10_13_4) AppleWebKit/537.36 (KHTML, like Gecko) Chrome/71.0.3578.98 Safari/537.36
Accept: image/webp,image/apng,image/*,*/*;q=0.8
Referer: http://127.0.0.1:8888/index.html
Accept-Encoding: gzip, deflate, br
Accept-Language: zh-CN,zh;q=0.9,en;q=0.8
Cookie: time=2018-12-25 04:26:42; client-id=5637c1db-9cb6-43a0-99ec-c88d9ca12406; time=2018-12-25 04:26:42


[2018-12-25 04:31:37] Client closed
------------------------------------------------------------
[2018-12-25 04:31:38] Request:
GET /static/3.png HTTP/1.1
Host: 127.0.0.1:8888
Connection: keep-alive
User-Agent: Mozilla/5.0 (Macintosh; Intel Mac OS X 10_13_4) AppleWebKit/537.36 (KHTML, like Gecko) Chrome/71.0.3578.98 Safari/537.36
Accept: image/webp,image/apng,image/*,*/*;q=0.8
Referer: http://127.0.0.1:8888/index.html
Accept-Encoding: gzip, deflate, br
Accept-Language: zh-CN,zh;q=0.9,en;q=0.8
Cookie: time=2018-12-25 04:26:42; client-id=5637c1db-9cb6-43a0-99ec-c88d9ca12406; time=2018-12-25 04:26:42


[2018-12-25 04:31:38] Client closed
------------------------------------------------------------
[2018-12-25 04:31:38] Request:
GET /static/favicon.ico HTTP/1.1
Host: 127.0.0.1:8888
Connection: keep-alive
Pragma: no-cache
Cache-Control: no-cache
User-Agent: Mozilla/5.0 (Macintosh; Intel Mac OS X 10_13_4) AppleWebKit/537.36 (KHTML, like Gecko) Chrome/71.0.3578.98 Safari/537.36
Accept: image/webp,image/apng,image/*,*/*;q=0.8
Referer: http://127.0.0.1:8888/index.html
Accept-Encoding: gzip, deflate, br
Accept-Language: zh-CN,zh;q=0.9,en;q=0.8
Cookie: time=2018-12-25 04:26:42; client-id=5637c1db-9cb6-43a0-99ec-c88d9ca12406; time=2018-12-25 04:26:42


[2018-12-25 04:31:38] Client closed
------------------------------------------------------------
[2018-12-25 04:31:51] Request:
GET /index.html HTTP/1.1
Host: 127.0.0.1:8888
Connection: keep-alive
Cache-Control: max-age=0
Upgrade-Insecure-Requests: 1
User-Agent: Mozilla/5.0 (Macintosh; Intel Mac OS X 10_13_4) AppleWebKit/537.36 (KHTML, like Gecko) Chrome/71.0.3578.98 Safari/537.36
Accept: text/html,application/xhtml+xml,application/xml;q=0.9,image/webp,image/apng,*/*;q=0.8
Accept-Encoding: gzip, deflate, br
Accept-Language: zh-CN,zh;q=0.9,en;q=0.8
Cookie: client-id=5637c1db-9cb6-43a0-99ec-c88d9ca12406; time=2018-12-25 04:26:42


[2018-12-25 04:31:51] Client closed
------------------------------------------------------------
[2018-12-25 04:31:51] Request:
GET /static/index.css HTTP/1.1
Host: 127.0.0.1:8888
Connection: keep-alive
User-Agent: Mozilla/5.0 (Macintosh; Intel Mac OS X 10_13_4) AppleWebKit/537.36 (KHTML, like Gecko) Chrome/71.0.3578.98 Safari/537.36
Accept: text/css,*/*;q=0.1
Referer: http://127.0.0.1:8888/index.html
Accept-Encoding: gzip, deflate, br
Accept-Language: zh-CN,zh;q=0.9,en;q=0.8
Cookie: time=2018-12-25 04:26:42; client-id=5637c1db-9cb6-43a0-99ec-c88d9ca12406; time=2018-12-25 04:26:42


[2018-12-25 04:31:51] Client closed
------------------------------------------------------------
[2018-12-25 04:31:51] Request:
GET /static/index.js HTTP/1.1
Host: 127.0.0.1:8888
Connection: keep-alive
User-Agent: Mozilla/5.0 (Macintosh; Intel Mac OS X 10_13_4) AppleWebKit/537.36 (KHTML, like Gecko) Chrome/71.0.3578.98 Safari/537.36
Accept: */*
Referer: http://127.0.0.1:8888/index.html
Accept-Encoding: gzip, deflate, br
Accept-Language: zh-CN,zh;q=0.9,en;q=0.8
Cookie: time=2018-12-25 04:26:42; client-id=5637c1db-9cb6-43a0-99ec-c88d9ca12406; time=2018-12-25 04:26:42


[2018-12-25 04:31:51] Client closed
------------------------------------------------------------
[2018-12-25 04:31:51] Request:
GET /static/1.gif HTTP/1.1
Host: 127.0.0.1:8888
Connection: keep-alive
User-Agent: Mozilla/5.0 (Macintosh; Intel Mac OS X 10_13_4) AppleWebKit/537.36 (KHTML, like Gecko) Chrome/71.0.3578.98 Safari/537.36
Accept: image/webp,image/apng,image/*,*/*;q=0.8
Referer: http://127.0.0.1:8888/index.html
Accept-Encoding: gzip, deflate, br
Accept-Language: zh-CN,zh;q=0.9,en;q=0.8
Cookie: time=2018-12-25 04:26:42; client-id=5637c1db-9cb6-43a0-99ec-c88d9ca12406; time=2018-12-25 04:26:42


[2018-12-25 04:31:51] Client closed
------------------------------------------------------------
[2018-12-25 04:31:51] Request:
GET /static/2.gif HTTP/1.1
Host: 127.0.0.1:8888
Connection: keep-alive
User-Agent: Mozilla/5.0 (Macintosh; Intel Mac OS X 10_13_4) AppleWebKit/537.36 (KHTML, like Gecko) Chrome/71.0.3578.98 Safari/537.36
Accept: image/webp,image/apng,image/*,*/*;q=0.8
Referer: http://127.0.0.1:8888/index.html
Accept-Encoding: gzip, deflate, br
Accept-Language: zh-CN,zh;q=0.9,en;q=0.8
Cookie: time=2018-12-25 04:26:42; client-id=5637c1db-9cb6-43a0-99ec-c88d9ca12406; time=2018-12-25 04:26:42


[2018-12-25 04:31:51] Client closed
------------------------------------------------------------
[2018-12-25 04:31:53] Request:
GET /static/3.png HTTP/1.1
Host: 127.0.0.1:8888
Connection: keep-alive
User-Agent: Mozilla/5.0 (Macintosh; Intel Mac OS X 10_13_4) AppleWebKit/537.36 (KHTML, like Gecko) Chrome/71.0.3578.98 Safari/537.36
Accept: image/webp,image/apng,image/*,*/*;q=0.8
Referer: http://127.0.0.1:8888/index.html
Accept-Encoding: gzip, deflate, br
Accept-Language: zh-CN,zh;q=0.9,en;q=0.8
Cookie: time=2018-12-25 04:26:42; client-id=5637c1db-9cb6-43a0-99ec-c88d9ca12406; time=2018-12-25 04:26:42


[2018-12-25 04:31:53] Client closed
------------------------------------------------------------
[2018-12-25 04:31:53] Request:
GET /static/favicon.ico HTTP/1.1
Host: 127.0.0.1:8888
Connection: keep-alive
Pragma: no-cache
Cache-Control: no-cache
User-Agent: Mozilla/5.0 (Macintosh; Intel Mac OS X 10_13_4) AppleWebKit/537.36 (KHTML, like Gecko) Chrome/71.0.3578.98 Safari/537.36
Accept: image/webp,image/apng,image/*,*/*;q=0.8
Referer: http://127.0.0.1:8888/index.html
Accept-Encoding: gzip, deflate, br
Accept-Language: zh-CN,zh;q=0.9,en;q=0.8
Cookie: time=2018-12-25 04:26:42; client-id=5637c1db-9cb6-43a0-99ec-c88d9ca12406; time=2018-12-25 04:26:42


[2018-12-25 04:31:53] Client closed
------------------------------------------------------------
[2018-12-25 04:32:02] Request:
GET /index.html HTTP/1.1
Host: 127.0.0.1:8888
Connection: keep-alive
Cache-Control: max-age=0
Upgrade-Insecure-Requests: 1
User-Agent: Mozilla/5.0 (Macintosh; Intel Mac OS X 10_13_4) AppleWebKit/537.36 (KHTML, like Gecko) Chrome/71.0.3578.98 Safari/537.36
Accept: text/html,application/xhtml+xml,application/xml;q=0.9,image/webp,image/apng,*/*;q=0.8
Accept-Encoding: gzip, deflate, br
Accept-Language: zh-CN,zh;q=0.9,en;q=0.8
Cookie: client-id=5637c1db-9cb6-43a0-99ec-c88d9ca12406; time=2018-12-25 04:26:42


[2018-12-25 04:32:02] Client closed
------------------------------------------------------------
[2018-12-25 04:32:02] Request:
GET /static/index.css HTTP/1.1
Host: 127.0.0.1:8888
Connection: keep-alive
User-Agent: Mozilla/5.0 (Macintosh; Intel Mac OS X 10_13_4) AppleWebKit/537.36 (KHTML, like Gecko) Chrome/71.0.3578.98 Safari/537.36
Accept: text/css,*/*;q=0.1
Referer: http://127.0.0.1:8888/index.html
Accept-Encoding: gzip, deflate, br
Accept-Language: zh-CN,zh;q=0.9,en;q=0.8
Cookie: time=2018-12-25 04:26:42; client-id=5637c1db-9cb6-43a0-99ec-c88d9ca12406; time=2018-12-25 04:26:42


[2018-12-25 04:32:02] Client closed
------------------------------------------------------------
[2018-12-25 04:32:02] Request:
GET /static/1.gif HTTP/1.1
Host: 127.0.0.1:8888
Connection: keep-alive
User-Agent: Mozilla/5.0 (Macintosh; Intel Mac OS X 10_13_4) AppleWebKit/537.36 (KHTML, like Gecko) Chrome/71.0.3578.98 Safari/537.36
Accept: image/webp,image/apng,image/*,*/*;q=0.8
Referer: http://127.0.0.1:8888/index.html
Accept-Encoding: gzip, deflate, br
Accept-Language: zh-CN,zh;q=0.9,en;q=0.8
Cookie: time=2018-12-25 04:26:42; client-id=5637c1db-9cb6-43a0-99ec-c88d9ca12406; time=2018-12-25 04:26:42


[2018-12-25 04:32:02] Client closed
------------------------------------------------------------
[2018-12-25 04:32:02] Request:
GET /static/index.js HTTP/1.1
Host: 127.0.0.1:8888
Connection: keep-alive
User-Agent: Mozilla/5.0 (Macintosh; Intel Mac OS X 10_13_4) AppleWebKit/537.36 (KHTML, like Gecko) Chrome/71.0.3578.98 Safari/537.36
Accept: */*
Referer: http://127.0.0.1:8888/index.html
Accept-Encoding: gzip, deflate, br
Accept-Language: zh-CN,zh;q=0.9,en;q=0.8
Cookie: time=2018-12-25 04:26:42; client-id=5637c1db-9cb6-43a0-99ec-c88d9ca12406; time=2018-12-25 04:26:42


[2018-12-25 04:32:02] Client closed
------------------------------------------------------------
[2018-12-25 04:32:02] Request:
GET /static/2.gif HTTP/1.1
Host: 127.0.0.1:8888
Connection: keep-alive
User-Agent: Mozilla/5.0 (Macintosh; Intel Mac OS X 10_13_4) AppleWebKit/537.36 (KHTML, like Gecko) Chrome/71.0.3578.98 Safari/537.36
Accept: image/webp,image/apng,image/*,*/*;q=0.8
Referer: http://127.0.0.1:8888/index.html
Accept-Encoding: gzip, deflate, br
Accept-Language: zh-CN,zh;q=0.9,en;q=0.8
Cookie: time=2018-12-25 04:26:42; client-id=5637c1db-9cb6-43a0-99ec-c88d9ca12406; time=2018-12-25 04:26:42


[2018-12-25 04:32:02] Client closed
------------------------------------------------------------
[2018-12-25 04:32:03] Request:
GET /static/3.png HTTP/1.1
Host: 127.0.0.1:8888
Connection: keep-alive
User-Agent: Mozilla/5.0 (Macintosh; Intel Mac OS X 10_13_4) AppleWebKit/537.36 (KHTML, like Gecko) Chrome/71.0.3578.98 Safari/537.36
Accept: image/webp,image/apng,image/*,*/*;q=0.8
Referer: http://127.0.0.1:8888/index.html
Accept-Encoding: gzip, deflate, br
Accept-Language: zh-CN,zh;q=0.9,en;q=0.8
Cookie: time=2018-12-25 04:26:42; client-id=5637c1db-9cb6-43a0-99ec-c88d9ca12406; time=2018-12-25 04:26:42


[2018-12-25 04:32:03] Client closed
------------------------------------------------------------
[2018-12-25 04:32:03] Request:
GET /static/favicon.ico HTTP/1.1
Host: 127.0.0.1:8888
Connection: keep-alive
Pragma: no-cache
Cache-Control: no-cache
User-Agent: Mozilla/5.0 (Macintosh; Intel Mac OS X 10_13_4) AppleWebKit/537.36 (KHTML, like Gecko) Chrome/71.0.3578.98 Safari/537.36
Accept: image/webp,image/apng,image/*,*/*;q=0.8
Referer: http://127.0.0.1:8888/index.html
Accept-Encoding: gzip, deflate, br
Accept-Language: zh-CN,zh;q=0.9,en;q=0.8
Cookie: time=2018-12-25 04:26:42; client-id=5637c1db-9cb6-43a0-99ec-c88d9ca12406; time=2018-12-25 04:26:42


[2018-12-25 04:32:03] Client closed
------------------------------------------------------------
[2018-12-25 04:32:04] Request:
GET /index.html HTTP/1.1
Host: 127.0.0.1:8888
Connection: keep-alive
Cache-Control: max-age=0
Upgrade-Insecure-Requests: 1
User-Agent: Mozilla/5.0 (Macintosh; Intel Mac OS X 10_13_4) AppleWebKit/537.36 (KHTML, like Gecko) Chrome/71.0.3578.98 Safari/537.36
Accept: text/html,application/xhtml+xml,application/xml;q=0.9,image/webp,image/apng,*/*;q=0.8
Accept-Encoding: gzip, deflate, br
Accept-Language: zh-CN,zh;q=0.9,en;q=0.8
Cookie: client-id=5637c1db-9cb6-43a0-99ec-c88d9ca12406; time=2018-12-25 04:26:42


[2018-12-25 04:32:04] Client closed
------------------------------------------------------------
[2018-12-25 04:32:04] Request:
GET /static/index.css HTTP/1.1
Host: 127.0.0.1:8888
Connection: keep-alive
User-Agent: Mozilla/5.0 (Macintosh; Intel Mac OS X 10_13_4) AppleWebKit/537.36 (KHTML, like Gecko) Chrome/71.0.3578.98 Safari/537.36
Accept: text/css,*/*;q=0.1
Referer: http://127.0.0.1:8888/index.html
Accept-Encoding: gzip, deflate, br
Accept-Language: zh-CN,zh;q=0.9,en;q=0.8
Cookie: time=2018-12-25 04:26:42; client-id=5637c1db-9cb6-43a0-99ec-c88d9ca12406; time=2018-12-25 04:26:42


[2018-12-25 04:32:04] Client closed
------------------------------------------------------------
[2018-12-25 04:32:04] Request:
GET /static/index.js HTTP/1.1
Host: 127.0.0.1:8888
Connection: keep-alive
User-Agent: Mozilla/5.0 (Macintosh; Intel Mac OS X 10_13_4) AppleWebKit/537.36 (KHTML, like Gecko) Chrome/71.0.3578.98 Safari/537.36
Accept: */*
Referer: http://127.0.0.1:8888/index.html
Accept-Encoding: gzip, deflate, br
Accept-Language: zh-CN,zh;q=0.9,en;q=0.8
Cookie: time=2018-12-25 04:26:42; client-id=5637c1db-9cb6-43a0-99ec-c88d9ca12406; time=2018-12-25 04:26:42


[2018-12-25 04:32:04] Client closed
------------------------------------------------------------
[2018-12-25 04:32:04] Request:
GET /static/1.gif HTTP/1.1
Host: 127.0.0.1:8888
Connection: keep-alive
User-Agent: Mozilla/5.0 (Macintosh; Intel Mac OS X 10_13_4) AppleWebKit/537.36 (KHTML, like Gecko) Chrome/71.0.3578.98 Safari/537.36
Accept: image/webp,image/apng,image/*,*/*;q=0.8
Referer: http://127.0.0.1:8888/index.html
Accept-Encoding: gzip, deflate, br
Accept-Language: zh-CN,zh;q=0.9,en;q=0.8
Cookie: time=2018-12-25 04:26:42; client-id=5637c1db-9cb6-43a0-99ec-c88d9ca12406; time=2018-12-25 04:26:42


[2018-12-25 04:32:04] Client closed
------------------------------------------------------------
[2018-12-25 04:32:04] Request:
GET /static/2.gif HTTP/1.1
Host: 127.0.0.1:8888
Connection: keep-alive
User-Agent: Mozilla/5.0 (Macintosh; Intel Mac OS X 10_13_4) AppleWebKit/537.36 (KHTML, like Gecko) Chrome/71.0.3578.98 Safari/537.36
Accept: image/webp,image/apng,image/*,*/*;q=0.8
Referer: http://127.0.0.1:8888/index.html
Accept-Encoding: gzip, deflate, br
Accept-Language: zh-CN,zh;q=0.9,en;q=0.8
Cookie: time=2018-12-25 04:26:42; client-id=5637c1db-9cb6-43a0-99ec-c88d9ca12406; time=2018-12-25 04:26:42


[2018-12-25 04:32:04] Client closed
------------------------------------------------------------
[2018-12-25 04:32:04] Request:
GET /static/3.png HTTP/1.1
Host: 127.0.0.1:8888
Connection: keep-alive
User-Agent: Mozilla/5.0 (Macintosh; Intel Mac OS X 10_13_4) AppleWebKit/537.36 (KHTML, like Gecko) Chrome/71.0.3578.98 Safari/537.36
Accept: image/webp,image/apng,image/*,*/*;q=0.8
Referer: http://127.0.0.1:8888/index.html
Accept-Encoding: gzip, deflate, br
Accept-Language: zh-CN,zh;q=0.9,en;q=0.8
Cookie: time=2018-12-25 04:26:42; client-id=5637c1db-9cb6-43a0-99ec-c88d9ca12406; time=2018-12-25 04:26:42


[2018-12-25 04:32:04] Client closed
------------------------------------------------------------
[2018-12-25 04:32:04] Request:
GET /static/favicon.ico HTTP/1.1
Host: 127.0.0.1:8888
Connection: keep-alive
Pragma: no-cache
Cache-Control: no-cache
User-Agent: Mozilla/5.0 (Macintosh; Intel Mac OS X 10_13_4) AppleWebKit/537.36 (KHTML, like Gecko) Chrome/71.0.3578.98 Safari/537.36
Accept: image/webp,image/apng,image/*,*/*;q=0.8
Referer: http://127.0.0.1:8888/index.html
Accept-Encoding: gzip, deflate, br
Accept-Language: zh-CN,zh;q=0.9,en;q=0.8
Cookie: time=2018-12-25 04:26:42; client-id=5637c1db-9cb6-43a0-99ec-c88d9ca12406; time=2018-12-25 04:26:42


[2018-12-25 04:32:04] Client closed
------------------------------------------------------------
[2018-12-25 04:32:12] Request:
GET / HTTP/1.1
Host: 127.0.0.1:8888
Connection: keep-alive
Upgrade-Insecure-Requests: 1
User-Agent: Mozilla/5.0 (Macintosh; Intel Mac OS X 10_13_4) AppleWebKit/537.36 (KHTML, like Gecko) Chrome/71.0.3578.98 Safari/537.36
Accept: text/html,application/xhtml+xml,application/xml;q=0.9,image/webp,image/apng,*/*;q=0.8
Accept-Encoding: gzip, deflate, br
Accept-Language: zh-CN,zh;q=0.9,en;q=0.8
Cookie: client-id=5637c1db-9cb6-43a0-99ec-c88d9ca12406; time=2018-12-25 04:26:42


[2018-12-25 04:32:12] Client closed
------------------------------------------------------------
[2018-12-25 04:32:12] Request:
GET /static/index.css HTTP/1.1
Host: 127.0.0.1:8888
Connection: keep-alive
User-Agent: Mozilla/5.0 (Macintosh; Intel Mac OS X 10_13_4) AppleWebKit/537.36 (KHTML, like Gecko) Chrome/71.0.3578.98 Safari/537.36
Accept: text/css,*/*;q=0.1
Referer: http://127.0.0.1:8888/
Accept-Encoding: gzip, deflate, br
Accept-Language: zh-CN,zh;q=0.9,en;q=0.8
Cookie: time=2018-12-25 04:26:42; client-id=5637c1db-9cb6-43a0-99ec-c88d9ca12406; time=2018-12-25 04:26:42


[2018-12-25 04:32:12] Client closed
------------------------------------------------------------
[2018-12-25 04:32:12] Request:
GET /static/index.js HTTP/1.1
Host: 127.0.0.1:8888
Connection: keep-alive
User-Agent: Mozilla/5.0 (Macintosh; Intel Mac OS X 10_13_4) AppleWebKit/537.36 (KHTML, like Gecko) Chrome/71.0.3578.98 Safari/537.36
Accept: */*
Referer: http://127.0.0.1:8888/
Accept-Encoding: gzip, deflate, br
Accept-Language: zh-CN,zh;q=0.9,en;q=0.8
Cookie: time=2018-12-25 04:26:42; client-id=5637c1db-9cb6-43a0-99ec-c88d9ca12406; time=2018-12-25 04:26:42


[2018-12-25 04:32:12] Client closed
------------------------------------------------------------
[2018-12-25 04:32:12] Request:
GET /static/1.gif HTTP/1.1
Host: 127.0.0.1:8888
Connection: keep-alive
User-Agent: Mozilla/5.0 (Macintosh; Intel Mac OS X 10_13_4) AppleWebKit/537.36 (KHTML, like Gecko) Chrome/71.0.3578.98 Safari/537.36
Accept: image/webp,image/apng,image/*,*/*;q=0.8
Referer: http://127.0.0.1:8888/
Accept-Encoding: gzip, deflate, br
Accept-Language: zh-CN,zh;q=0.9,en;q=0.8
Cookie: time=2018-12-25 04:26:42; client-id=5637c1db-9cb6-43a0-99ec-c88d9ca12406; time=2018-12-25 04:26:42


[2018-12-25 04:32:12] Client closed
------------------------------------------------------------
[2018-12-25 04:32:12] Request:
GET /static/2.gif HTTP/1.1
Host: 127.0.0.1:8888
Connection: keep-alive
User-Agent: Mozilla/5.0 (Macintosh; Intel Mac OS X 10_13_4) AppleWebKit/537.36 (KHTML, like Gecko) Chrome/71.0.3578.98 Safari/537.36
Accept: image/webp,image/apng,image/*,*/*;q=0.8
Referer: http://127.0.0.1:8888/
Accept-Encoding: gzip, deflate, br
Accept-Language: zh-CN,zh;q=0.9,en;q=0.8
Cookie: time=2018-12-25 04:26:42; client-id=5637c1db-9cb6-43a0-99ec-c88d9ca12406; time=2018-12-25 04:26:42


[2018-12-25 04:32:12] Client closed
------------------------------------------------------------
[2018-12-25 04:32:13] Request:
GET /static/3.png HTTP/1.1
Host: 127.0.0.1:8888
Connection: keep-alive
User-Agent: Mozilla/5.0 (Macintosh; Intel Mac OS X 10_13_4) AppleWebKit/537.36 (KHTML, like Gecko) Chrome/71.0.3578.98 Safari/537.36
Accept: image/webp,image/apng,image/*,*/*;q=0.8
Referer: http://127.0.0.1:8888/
Accept-Encoding: gzip, deflate, br
Accept-Language: zh-CN,zh;q=0.9,en;q=0.8
Cookie: time=2018-12-25 04:26:42; client-id=5637c1db-9cb6-43a0-99ec-c88d9ca12406; time=2018-12-25 04:26:42


[2018-12-25 04:32:13] Client closed
------------------------------------------------------------
[2018-12-25 04:32:13] Request:
GET /static/favicon.ico HTTP/1.1
Host: 127.0.0.1:8888
Connection: keep-alive
User-Agent: Mozilla/5.0 (Macintosh; Intel Mac OS X 10_13_4) AppleWebKit/537.36 (KHTML, like Gecko) Chrome/71.0.3578.98 Safari/537.36
Accept: image/webp,image/apng,image/*,*/*;q=0.8
Referer: http://127.0.0.1:8888/
Accept-Encoding: gzip, deflate, br
Accept-Language: zh-CN,zh;q=0.9,en;q=0.8
Cookie: time=2018-12-25 04:26:42; client-id=5637c1db-9cb6-43a0-99ec-c88d9ca12406; time=2018-12-25 04:26:42


[2018-12-25 04:32:13] Client closed
------------------------------------------------------------
